INFO (26.01.2025 16:19:35): Adding job tentatively -- it will be properly scheduled when the scheduler starts (line: 507) [base.py]
INFO (26.01.2025 16:19:35): Adding job tentatively -- it will be properly scheduled when the scheduler starts (line: 507) [base.py]
INFO (26.01.2025 16:19:35): Adding job tentatively -- it will be properly scheduled when the scheduler starts (line: 507) [base.py]
INFO (26.01.2025 16:19:35): Added job "delta_db" to job store "default" (line: 1090) [base.py]
INFO (26.01.2025 16:19:35): Added job "open_birthday" to job store "default" (line: 1090) [base.py]
INFO (26.01.2025 16:19:35): Added job "open_birthday_reminder" to job store "default" (line: 1090) [base.py]
INFO (26.01.2025 16:19:35): Scheduler started (line: 214) [base.py]
INFO (26.01.2025 16:19:35): Start polling (line: 527) [dispatcher.py]
INFO (26.01.2025 16:19:35): Run polling for bot @Mebel_fasad_bot id=7408170935 - 'Fasad' (line: 341) [dispatcher.py]
INFO (26.01.2025 16:19:36): Update id=171267234 is handled. Duration 343 ms by bot id=7408170935 (line: 172) [dispatcher.py]
INFO (26.01.2025 17:36:06): Update id=171267235 is handled. Duration 264 ms by bot id=7408170935 (line: 172) [dispatcher.py]
INFO (26.01.2025 17:36:12): Update id=171267236 is handled. Duration 281 ms by bot id=7408170935 (line: 172) [dispatcher.py]
INFO (26.01.2025 17:36:19): Update id=171267237 is handled. Duration 1250 ms by bot id=7408170935 (line: 172) [dispatcher.py]
INFO (26.01.2025 17:36:28): Update id=171267238 is handled. Duration 109 ms by bot id=7408170935 (line: 172) [dispatcher.py]
INFO (26.01.2025 17:36:29): Update id=171267239 is handled. Duration 110 ms by bot id=7408170935 (line: 172) [dispatcher.py]
INFO (26.01.2025 17:36:34): Update id=171267240 is handled. Duration 125 ms by bot id=7408170935 (line: 172) [dispatcher.py]
INFO (26.01.2025 17:36:40): Update id=171267241 is handled. Duration 281 ms by bot id=7408170935 (line: 172) [dispatcher.py]
INFO (26.01.2025 17:36:43): Update id=171267242 is handled. Duration 391 ms by bot id=7408170935 (line: 172) [dispatcher.py]
INFO (26.01.2025 17:36:48): Update id=171267243 is handled. Duration 406 ms by bot id=7408170935 (line: 172) [dispatcher.py]
INFO (26.01.2025 17:36:52): Update id=171267244 is handled. Duration 171 ms by bot id=7408170935 (line: 172) [dispatcher.py]
INFO (26.01.2025 17:36:56): Update id=171267245 is handled. Duration 1906 ms by bot id=7408170935 (line: 172) [dispatcher.py]
INFO (26.01.2025 17:37:01): Update id=171267246 is handled. Duration 202 ms by bot id=7408170935 (line: 172) [dispatcher.py]
INFO (26.01.2025 17:37:06): Update id=171267247 is handled. Duration 109 ms by bot id=7408170935 (line: 172) [dispatcher.py]
INFO (26.01.2025 17:37:09): Update id=171267248 is handled. Duration 141 ms by bot id=7408170935 (line: 172) [dispatcher.py]
INFO (26.01.2025 17:37:25): Update id=171267249 is handled. Duration 109 ms by bot id=7408170935 (line: 172) [dispatcher.py]
INFO (26.01.2025 17:37:35): Update id=171267250 is handled. Duration 1734 ms by bot id=7408170935 (line: 172) [dispatcher.py]
INFO (26.01.2025 17:54:20): Update id=171267251 is handled. Duration 280 ms by bot id=7408170935 (line: 172) [dispatcher.py]
INFO (26.01.2025 17:54:25): Update id=171267252 is handled. Duration 2938 ms by bot id=7408170935 (line: 172) [dispatcher.py]
INFO (26.01.2025 17:54:35): Update id=171267253 is handled. Duration 172 ms by bot id=7408170935 (line: 172) [dispatcher.py]
